2020-10-31 18:38:44.726 DEBUG [main] [application.Application] [<init>] [game_engine.GameEngine.<init>(GameEngine.java:18)] - GameEngine got 52976 words
2020-10-31 18:38:44.737 DEBUG [main] [application.Application] [getRandomWord] [game_engine.GameEngine.getRandomWord(GameEngine.java:36)] - Word 'coth' was returned
2020-10-31 19:54:26.463 DEBUG [main] [application.Application] [getRandomWordFromDictionary] [game_engine.GameEngine.getRandomWordFromDictionary(GameEngine.java:64)] - Word 'kippen' was returned
2020-10-31 19:54:40.477 ERROR [main] [application.Application] [<init>] [game_engine.GameException.<init>(GameException.java:11)] - Try to check the length of the word
2020-10-31 19:55:26.055 DEBUG [main] [application.Application] [getRandomWordFromDictionary] [game_engine.GameEngine.getRandomWordFromDictionary(GameEngine.java:64)] - Word 'brines' was returned
2020-10-31 19:55:35.400 DEBUG [main] [application.Application] [<init>] [game_engine.GameException.<init>(GameException.java:11)] - Try to check the length of the word
2020-10-31 19:55:40.407 DEBUG [main] [application.Application] [<init>] [game_engine.GameException.<init>(GameException.java:11)] - Try to check the length of the word
2020-10-31 19:55:45.441 DEBUG [main] [application.Application] [<init>] [game_engine.GameException.<init>(GameException.java:11)] - Try to check the length of the word
2020-10-31 19:56:11.634 DEBUG [main] [application.Application] [play] [game_engine.GameEngine.play(GameEngine.java:57)] - End of the game
2020-10-31 19:58:55.026 DEBUG [main] [application.Application] [getRandomWordFromDictionary] [game_engine.GameEngine.getRandomWordFromDictionary(GameEngine.java:64)] - Word 'warple' was returned
2020-10-31 19:59:39.665 DEBUG [main] [application.Application] [play] [game_engine.GameEngine.play(GameEngine.java:57)] - End of the game
2020-10-31 19:59:45.739 DEBUG [main] [application.Application] [getRandomWordFromDictionary] [game_engine.GameEngine.getRandomWordFromDictionary(GameEngine.java:64)] - Word 'hawse' was returned
2020-10-31 19:59:51.798 DEBUG [main] [application.Application] [<init>] [game_engine.GameException.<init>(GameException.java:11)] - Try to check the length of the word
2020-10-31 19:59:53.814 DEBUG [main] [application.Application] [<init>] [game_engine.GameException.<init>(GameException.java:11)] - Try to check the length of the word
2020-10-31 19:59:55.834 DEBUG [main] [application.Application] [<init>] [game_engine.GameException.<init>(GameException.java:11)] - Try to check the length of the word
2020-10-31 19:59:57.849 DEBUG [main] [application.Application] [<init>] [game_engine.GameException.<init>(GameException.java:11)] - Try to check the length of the word
2020-10-31 19:59:59.854 DEBUG [main] [application.Application] [<init>] [game_engine.GameException.<init>(GameException.java:11)] - Try to check the length of the word
2020-10-31 20:00:01.857 DEBUG [main] [application.Application] [<init>] [game_engine.GameException.<init>(GameException.java:11)] - Try to check the length of the word
2020-10-31 20:00:03.886 DEBUG [main] [application.Application] [<init>] [game_engine.GameException.<init>(GameException.java:11)] - Try to check the length of the word
2020-10-31 20:00:05.917 DEBUG [main] [application.Application] [<init>] [game_engine.GameException.<init>(GameException.java:11)] - Try to check the length of the word
2020-10-31 20:00:07.946 DEBUG [main] [application.Application] [<init>] [game_engine.GameException.<init>(GameException.java:11)] - Try to check the length of the word
2020-10-31 20:00:07.946 DEBUG [main] [application.Application] [play] [game_engine.GameEngine.play(GameEngine.java:57)] - End of the game
2020-10-31 20:00:43.336 DEBUG [main] [application.Application] [getRandomWordFromDictionary] [game_engine.GameEngine.getRandomWordFromDictionary(GameEngine.java:64)] - Word 'ideaed' was returned
2020-10-31 20:00:48.336 DEBUG [main] [application.Application] [play] [game_engine.GameEngine.play(GameEngine.java:57)] - End of the game
2020-10-31 20:52:48.912 DEBUG [Test worker] [application.Application] [<init>] [game_engine.GameException.<init>(GameException.java:11)] - Try to check the length of the word
2020-10-31 20:54:12.266 DEBUG [Test worker] [application.Application] [<init>] [game_engine.GameException.<init>(GameException.java:11)] - Try to check the length of the word
2020-10-31 20:54:21.756 DEBUG [Test worker] [application.Application] [<init>] [game_engine.GameException.<init>(GameException.java:11)] - Try to check the length of the word
2020-10-31 20:54:43.534 DEBUG [Test worker] [application.Application] [<init>] [game_engine.GameException.<init>(GameException.java:11)] - Try to check the length of the word
2020-10-31 21:06:29.309 DEBUG [Test worker] [application.Application] [<init>] [game.GameException.<init>(GameException.java:11)] - Try to check the length of the word
